==============================================================================
Suites                                                                        
==============================================================================
Suites.DDT1                                                                   
==============================================================================
Right user empty pwd                                                  | PASS |
------------------------------------------------------------------------------
Right user wrong pwd                                                  | PASS |
------------------------------------------------------------------------------
Wrong user right pwd                                                  | PASS |
------------------------------------------------------------------------------
Wrong user empty pwd                                                  | PASS |
------------------------------------------------------------------------------
Wrong user wrong pwd                                                  | PASS |
------------------------------------------------------------------------------
Suites.DDT1                                                           | PASS |
5 tests, 5 passed, 0 failed
==============================================================================
Suites                                                                | PASS |
5 tests, 5 passed, 0 failed
==============================================================================
Output:  C:\Users\Administrator\PycharmProjects\pythonProject\Results\pabot_results\3\output.xml
